<?xml version="1.0" encoding="UTF-8"?>
<!-- Generated by org.testng.reporters.JUnitXMLReporter -->
<testsuite ignored="0" hostname="HR-46L" failures="2" tests="3" name="EdgeTest" time="43.726" errors="0" timestamp="2025-08-06T09:35:49 IST">
  <testcase classname="TestCases.LoginPageTest" name="verifyUserLogin" time="12.189"/>
  <testcase classname="TestCases.CartPageTest" name="verifyProceedToCheckout" time="2.218">
    <failure type="java.lang.AssertionError" message="expected [SHOPPING-CART SUM] but found [SHOPPING-CART SUMMARY]">
      <![CDATA[java.lang.AssertionError: expected [SHOPPING-CART SUM] but found [SHOPPING-CART SUMMARY]
at TestCases.CartPageTest.verifyProceedToCheckout(CartPageTest.java:31)
at java.base/java.util.ArrayList.forEach(ArrayList.java:1511)
at java.base/java.util.concurrent.FutureTask.run(FutureTask.java:264)
at java.base/java.util.concurrent.ThreadPoolExecutor.runWorker(ThreadPoolExecutor.java:1136)
at java.base/java.util.concurrent.ThreadPoolExecutor$Worker.run(ThreadPoolExecutor.java:635)
at java.base/java.lang.Thread.run(Thread.java:833)
... Removed 24 stack frames]]>
    </failure>
  </testcase> <!-- verifyProceedToCheckout -->
  <testcase classname="TestCases.CartPageTest" name="verifyProceedToCheckout" time="2.219">
    <failure type="java.lang.NullPointerException" message="Cannot invoke &amp;quot;org.openqa.selenium.TakesScreenshot.getScreenshotAs(org.openqa.selenium.OutputType)&amp;quot; because &amp;quot;takesScreenshot&amp;quot; is null">
      <![CDATA[java.lang.NullPointerException: Cannot invoke "org.openqa.selenium.TakesScreenshot.getScreenshotAs(org.openqa.selenium.OutputType)" because "takesScreenshot" is null
at TestBase.BaseTest.captureScreen(BaseTest.java:82)
at Utilities.ExtentReportManager.onTestFailure(ExtentReportManager.java:90)
at java.base/java.util.ArrayList.forEach(ArrayList.java:1511)
at java.base/java.util.concurrent.FutureTask.run(FutureTask.java:264)
at java.base/java.util.concurrent.ThreadPoolExecutor.runWorker(ThreadPoolExecutor.java:1136)
at java.base/java.util.concurrent.ThreadPoolExecutor$Worker.run(ThreadPoolExecutor.java:635)
at java.base/java.lang.Thread.run(Thread.java:833)
... Removed 15 stack frames]]>
    </failure>
  </testcase> <!-- verifyProceedToCheckout -->
</testsuite> <!-- EdgeTest -->
