<?xml version="1.0" encoding="UTF-8"?>
<testsuite xmlns:xsi="http://www.w3.org/2001/XMLSchema-instance" xsi:noNamespaceSchemaLocation="https://maven.apache.org/surefire/maven-surefire-plugin/xsd/surefire-test-report.xsd" version="3.0.2" name="TestSuite" time="63.803" tests="5" errors="0" skipped="0" failures="1">
  <properties>
[...]
</properties>
  <testcase name="verifyUserLogin" classname="TestCases.LoginPageTest" time="10.154">
    <system-out><![CDATA[17:33:04.688 [main] INFO  TestCases.LoginPageTest - Starting test: verifyUserLogin
17:33:07.701 [main] DEBUG TestCases.LoginPageTest - Waiting for page to load
17:33:07.705 [main] DEBUG TestCases.LoginPageTest - Created HomePage and LoginPage objects
17:33:08.634 [main] INFO  TestCases.LoginPageTest - Clicked on Sign In link
17:33:11.796 [main] INFO  TestCases.LoginPageTest - Entered login credentials: testuser@example.com / testpassword
17:33:14.826 [main] DEBUG TestCases.LoginPageTest - Captured login error text: There is 1 error
17:33:14.827 [main] INFO  TestCases.LoginPageTest - Verified login error message successfully
17:33:14.827 [main] INFO  TestCases.LoginPageTest - Ending test: verifyUserLogin
]]></system-out>
    <system-err><![CDATA[Aug 06, 2025 5:32:59 PM org.openqa.selenium.devtools.CdpVersionFinder findNearestMatch
WARNING: Unable to find an exact match for CDP version 138, returning the closest version; found: 137; Please update to a Selenium version that supports CDP version 138
]]></system-err>
  </testcase>
  <testcase name="verifyProceedToCheckout" classname="TestCases.CartPageTest" time="0.754">
    <system-out><![CDATA[17:33:19.954 [main] INFO  TestCases.CartPageTest - ***** Starting TC001_CartPageTest Started ****
17:33:19.955 [main] DEBUG TestCases.CartPageTest - This is a debug log message
17:33:20.679 [main] INFO  TestCases.CartPageTest - ***** Clicked on Add to Cart ****
17:33:20.707 [main] INFO  TestCases.CartPageTest - ***** Ended TC001_CartPageTest Started ****"
]]></system-out>
    <system-err><![CDATA[Aug 06, 2025 5:33:16 PM org.openqa.selenium.devtools.CdpVersionFinder findNearestMatch
WARNING: Unable to find an exact match for CDP version 138, returning the closest version; found: 137; Please update to a Selenium version that supports CDP version 138
]]></system-err>
  </testcase>
  <testcase name="verifyProductSearch" classname="TestCases.HomePageTest" time="1.393">
    <system-out><![CDATA[17:33:25.939 [main] INFO  TestCases.HomePageTest - Starting test: verifyProductSearch
17:33:25.939 [main] DEBUG TestCases.HomePageTest - Created HomePage object
17:33:27.326 [main] INFO  TestCases.HomePageTest - Searched for product: 'dress'
17:33:27.326 [main] DEBUG TestCases.HomePageTest - Search result text: "DRESS"
17:33:27.326 [main] INFO  TestCases.HomePageTest - Search results contain the word 'DRESS' - Test Passed
17:33:27.326 [main] INFO  TestCases.HomePageTest - Ending test: verifyProductSearch
]]></system-out>
    <system-err><![CDATA[Aug 06, 2025 5:33:21 PM org.openqa.selenium.devtools.CdpVersionFinder findNearestMatch
WARNING: Unable to find an exact match for CDP version 138, returning the closest version; found: 137; Please update to a Selenium version that supports CDP version 138
]]></system-err>
  </testcase>
  <testcase name="verifyAddToCartAndCheckout" classname="TestCases.ProductPageTest" time="6.816">
    <system-out><![CDATA[17:33:32.539 [main] INFO  TestCases.ProductPageTest - Starting test: verifyAddToCartAndCheckout
17:33:32.539 [main] DEBUG TestCases.ProductPageTest - Created ProductPage object
17:33:35.541 [main] DEBUG TestCases.ProductPageTest - Waiting for product page to load
17:33:36.316 [main] INFO  TestCases.ProductPageTest - Clicked 'Add to Cart' button
17:33:39.347 [main] DEBUG TestCases.ProductPageTest - Retrieved cart message: Your shopping cart is empty.
17:33:39.347 [main] INFO  TestCases.ProductPageTest - Verified that cart is empty
17:33:39.347 [main] INFO  TestCases.ProductPageTest - Ending test: verifyAddToCartAndCheckout
]]></system-out>
    <system-err><![CDATA[Aug 06, 2025 5:33:28 PM org.openqa.selenium.devtools.CdpVersionFinder findNearestMatch
WARNING: Unable to find an exact match for CDP version 138, returning the closest version; found: 137; Please update to a Selenium version that supports CDP version 138
]]></system-err>
  </testcase>
  <testcase name="registrationDDTTest" classname="TestCases.RegistrationDDTTest" time="12.547">
    <failure message="stale element reference: stale element not found&#10;  (Session info: chrome=138.0.7204.184)&#10;For documentation on this error, please visit: https://www.selenium.dev/documentation/webdriver/troubleshooting/errors#stale-element-reference-exception&#10;Build info: version: &apos;4.33.0&apos;, revision: &apos;2c6aaad03a&apos;&#10;System info: os.name: &apos;Windows 10&apos;, os.arch: &apos;amd64&apos;, os.version: &apos;10.0&apos;, java.version: &apos;21.0.7&apos;&#10;Driver info: org.openqa.selenium.chrome.ChromeDriver&#10;Command: [1ceab3bf56e15c1c9a201fd59bc6e983, clickElement {id=f.4F612984C3A9AFDE6C59D3A7717B3316.d.8F343C98DDCD21496C13B1420C7D7964.e.134}]&#10;Capabilities {acceptInsecureCerts: false, browserName: chrome, browserVersion: 138.0.7204.184, chrome: {chromedriverVersion: 138.0.7204.183 (e90faf484dd..., userDataDir: C:\Users\ruchika\AppData\Lo...}, fedcm:accounts: true, goog:chromeOptions: {debuggerAddress: localhost:60986}, networkConnectionEnabled: false, pageLoadStrategy: normal, platformName: windows, proxy: Proxy(), se:cdp: ws://localhost:60986/devtoo..., se:cdpVersion: 138.0.7204.184, setWindowRect: true, strictFileInteractability: false, timeouts: {implicit: 0, pageLoad: 300000, script: 30000}, unhandledPromptBehavior: dismiss and notify, webauthn:extension:credBlob: true, webauthn:extension:largeBlob: true, webauthn:extension:minPinLength: true, webauthn:extension:prf: true, webauthn:virtualAuthenticators: true}&#10;Element: [[ChromeDriver: chrome on windows (1ceab3bf56e15c1c9a201fd59bc6e983)] -&gt; xpath: //*[@id=&quot;header&quot;]/div[2]/div/div/nav/div[2]/a]&#10;Session ID: 1ceab3bf56e15c1c9a201fd59bc6e983" type="org.openqa.selenium.StaleElementReferenceException"><![CDATA[org.openqa.selenium.StaleElementReferenceException: 
stale element reference: stale element not found
  (Session info: chrome=138.0.7204.184)
For documentation on this error, please visit: https://www.selenium.dev/documentation/webdriver/troubleshooting/errors#stale-element-reference-exception
Build info: version: '4.33.0', revision: '2c6aaad03a'
System info: os.name: 'Windows 10', os.arch: 'amd64', os.version: '10.0', java.version: '21.0.7'
Driver info: org.openqa.selenium.chrome.ChromeDriver
Command: [1ceab3bf56e15c1c9a201fd59bc6e983, clickElement {id=f.4F612984C3A9AFDE6C59D3A7717B3316.d.8F343C98DDCD21496C13B1420C7D7964.e.134}]
Capabilities {acceptInsecureCerts: false, browserName: chrome, browserVersion: 138.0.7204.184, chrome: {chromedriverVersion: 138.0.7204.183 (e90faf484dd..., userDataDir: C:\Users\ruchika\AppData\Lo...}, fedcm:accounts: true, goog:chromeOptions: {debuggerAddress: localhost:60986}, networkConnectionEnabled: false, pageLoadStrategy: normal, platformName: windows, proxy: Proxy(), se:cdp: ws://localhost:60986/devtoo..., se:cdpVersion: 138.0.7204.184, setWindowRect: true, strictFileInteractability: false, timeouts: {implicit: 0, pageLoad: 300000, script: 30000}, unhandledPromptBehavior: dismiss and notify, webauthn:extension:credBlob: true, webauthn:extension:largeBlob: true, webauthn:extension:minPinLength: true, webauthn:extension:prf: true, webauthn:virtualAuthenticators: true}
Element: [[ChromeDriver: chrome on windows (1ceab3bf56e15c1c9a201fd59bc6e983)] -> xpath: //*[@id="header"]/div[2]/div/div/nav/div[2]/a]
Session ID: 1ceab3bf56e15c1c9a201fd59bc6e983
	at java.base/jdk.internal.reflect.DirectConstructorHandleAccessor.newInstance(DirectConstructorHandleAccessor.java:62)
	at java.base/java.lang.reflect.Constructor.newInstanceWithCaller(Constructor.java:502)
	at java.base/java.lang.reflect.Constructor.newInstance(Constructor.java:486)
	at org.openqa.selenium.remote.ErrorCodec.decode(ErrorCodec.java:167)
	at org.openqa.selenium.remote.codec.w3c.W3CHttpResponseCodec.decode(W3CHttpResponseCodec.java:138)
	at org.openqa.selenium.remote.codec.w3c.W3CHttpResponseCodec.decode(W3CHttpResponseCodec.java:50)
	at org.openqa.selenium.remote.HttpCommandExecutor.execute(HttpCommandExecutor.java:215)
	at org.openqa.selenium.remote.service.DriverCommandExecutor.invokeExecute(DriverCommandExecutor.java:216)
	at org.openqa.selenium.remote.service.DriverCommandExecutor.execute(DriverCommandExecutor.java:174)
	at org.openqa.selenium.remote.RemoteWebDriver.execute(RemoteWebDriver.java:544)
	at org.openqa.selenium.remote.RemoteWebElement.execute(RemoteWebElement.java:223)
	at org.openqa.selenium.remote.RemoteWebElement.click(RemoteWebElement.java:76)
	at PageClasses.RegistrationPage.clickSignOut(RegistrationPage.java:54)
	at TestCases.RegistrationDDTTest.registrationDDTTest(RegistrationDDTTest.java:49)
	at java.base/jdk.internal.reflect.DirectMethodHandleAccessor.invoke(DirectMethodHandleAccessor.java:103)
	at java.base/java.lang.reflect.Method.invoke(Method.java:580)
	at org.testng.internal.MethodInvocationHelper.invokeMethod(MethodInvocationHelper.java:133)
	at org.testng.internal.TestInvoker.invokeMethod(TestInvoker.java:598)
	at org.testng.internal.TestInvoker.invokeTestMethod(TestInvoker.java:173)
	at org.testng.internal.MethodRunner.runInSequence(MethodRunner.java:46)
	at org.testng.internal.TestInvoker$MethodInvocationAgent.invoke(TestInvoker.java:824)
	at org.testng.internal.TestInvoker.invokeTestMethods(TestInvoker.java:146)
	at org.testng.internal.TestMethodWorker.invokeTestMethods(TestMethodWorker.java:146)
	at org.testng.internal.TestMethodWorker.run(TestMethodWorker.java:128)
	at java.base/java.util.ArrayList.forEach(ArrayList.java:1596)
	at org.testng.TestRunner.privateRun(TestRunner.java:794)
	at org.testng.TestRunner.run(TestRunner.java:596)
	at org.testng.SuiteRunner.runTest(SuiteRunner.java:377)
	at org.testng.SuiteRunner.runSequentially(SuiteRunner.java:371)
	at org.testng.SuiteRunner.privateRun(SuiteRunner.java:332)
	at org.testng.SuiteRunner.run(SuiteRunner.java:276)
	at org.testng.SuiteRunnerWorker.runSuite(SuiteRunnerWorker.java:53)
	at org.testng.SuiteRunnerWorker.run(SuiteRunnerWorker.java:96)
	at org.testng.TestNG.runSuitesSequentially(TestNG.java:1212)
	at org.testng.TestNG.runSuitesLocally(TestNG.java:1134)
	at org.testng.TestNG.runSuites(TestNG.java:1063)
	at org.testng.TestNG.run(TestNG.java:1031)
	at org.apache.maven.surefire.testng.TestNGExecutor.run(TestNGExecutor.java:308)
	at org.apache.maven.surefire.testng.TestNGXmlTestSuite.execute(TestNGXmlTestSuite.java:71)
	at org.apache.maven.surefire.testng.TestNGProvider.invoke(TestNGProvider.java:113)
	at org.apache.maven.surefire.booter.ForkedBooter.runSuitesInProcess(ForkedBooter.java:385)
	at org.apache.maven.surefire.booter.ForkedBooter.execute(ForkedBooter.java:162)
	at org.apache.maven.surefire.booter.ForkedBooter.run(ForkedBooter.java:507)
	at org.apache.maven.surefire.booter.ForkedBooter.main(ForkedBooter.java:495)
]]></failure>
    <system-out><![CDATA[17:33:47.331 [main] INFO  TestCases.RegistrationDDTTest - Starting Data-Driven Registration Test
17:33:47.331 [main] DEBUG TestCases.RegistrationDDTTest - Excel file path: C:\Users\ruchika\eclipse-workspace\Ruchika\MyShopAutomation\Test Data\Registration.xlsx
17:33:47.434 [main] DEBUG org.apache.poi.openxml4j.opc.PackageRelationshipCollection - Parsing relationship: /xl/_rels/workbook.xml.rels
17:33:47.437 [main] DEBUG org.apache.poi.openxml4j.opc.PackageRelationshipCollection - Parsing relationship: /_rels/.rels
17:33:47.794 [main] INFO  TestCases.RegistrationDDTTest - Total rows in Excel: 2
17:33:47.804 [main] DEBUG org.apache.poi.openxml4j.opc.PackageRelationshipCollection - Parsing relationship: /xl/_rels/workbook.xml.rels
17:33:47.805 [main] DEBUG org.apache.poi.openxml4j.opc.PackageRelationshipCollection - Parsing relationship: /_rels/.rels
17:33:47.831 [main] DEBUG org.apache.poi.openxml4j.opc.PackageRelationshipCollection - Parsing relationship: /xl/_rels/workbook.xml.rels
17:33:47.832 [main] DEBUG org.apache.poi.openxml4j.opc.PackageRelationshipCollection - Parsing relationship: /_rels/.rels
17:33:47.860 [main] DEBUG org.apache.poi.openxml4j.opc.PackageRelationshipCollection - Parsing relationship: /xl/_rels/workbook.xml.rels
17:33:47.861 [main] DEBUG org.apache.poi.openxml4j.opc.PackageRelationshipCollection - Parsing relationship: /_rels/.rels
17:33:47.882 [main] INFO  TestCases.RegistrationDDTTest - Executing registration for: ytVbp@gmail.com
17:33:47.882 [main] DEBUG TestCases.RegistrationDDTTest - First Name: John, Last Name: Doe, Password: test@123
17:33:49.181 [main] INFO  TestCases.RegistrationDDTTest - Started account creation with email: ytVbp@gmail.com
17:33:52.310 [main] INFO  TestCases.RegistrationDDTTest - Filled registration form for: John Doe
17:33:52.357 [main] INFO  TestCases.RegistrationDDTTest - Submitted registration form
Capturing screenshot...
Screenshot saved at: C:\Users\ruchika\eclipse-workspace\Ruchika\MyShopAutomation/screenshots/registrationDDTTest_20250806173359.png
]]></system-out>
    <system-err><![CDATA[Aug 06, 2025 5:33:40 PM org.openqa.selenium.devtools.CdpVersionFinder findNearestMatch
WARNING: Unable to find an exact match for CDP version 138, returning the closest version; found: 137; Please update to a Selenium version that supports CDP version 138
]]></system-err>
  </testcase>
</testsuite>